firefox
[2017-06-14 09:38:34] - login----start
[2017-06-14 09:38:46] - 新添加的用户能够正常登陆---------测试通过
[2017-06-14 09:38:49] - 初始化用户能够正常登陆---------测试通过
[2017-06-14 09:38:54] - 处于锁定状态的用户无法登录---------测试通过
[2017-06-14 09:38:57] - 账号未生效的用户无法登录---------测试通过
[2017-06-14 09:39:01] - 已过期的用户无法登录---------测试通过
[2017-06-14 09:39:05] - 不存在的用户无法登录---------测试通过
[2017-06-14 09:39:08] - 不填写账号校验---------测试通过
[2017-06-14 09:39:12] - 不填写密码校验---------测试通过
[2017-06-14 09:39:16] - 账号和密码均为空的校验---------测试通过
[2017-06-14 09:39:19] - 密码错误的校验---------测试通过
[2017-06-14 09:39:23] - 访问失败次数达到最大(第一次登录)---------测试通过
[2017-06-14 09:39:27] - 访问失败次数达到最大(第二次登录)---------测试通过
[2017-06-14 09:39:30] - 访问失败次数达到最大校验---------测试通过
[2017-06-14 09:39:33] - 绑定AD域认证方式的用户能够正常登录---------测试通过
[2017-06-14 09:39:36] - 绑定AD域+口令认证方式的用户能够正常登录---------测试通过
[2017-06-14 09:39:40] - 域口令为空校验---------测试通过
[2017-06-14 09:39:44] - 填写错误域口令的校验---------测试通过
[2017-06-14 09:39:48] - 没有绑定AD认证方式的用户无法登录---------测试通过
[2017-06-14 09:39:52] - radius口令为空校验---------测试通过
[2017-06-14 09:39:56] - 填写错误radius口令的校验---------测试通过
[2017-06-14 09:39:59] - 没有绑定radius认证的用户无法登录---------测试通过
[2017-06-14 09:39:59] - login----end

chrome
[2017-06-14 09:41:12] - login----start
[2017-06-14 09:41:28] - 新添加的用户能够正常登陆---------测试通过
[2017-06-14 09:41:30] - 初始化用户能够正常登陆---------测试通过
[2017-06-14 09:41:35] - 处于锁定状态的用户无法登录---------测试通过
[2017-06-14 09:41:39] - 账号未生效的用户无法登录---------测试通过
[2017-06-14 09:41:42] - 已过期的用户无法登录---------测试通过
[2017-06-14 09:41:46] - 不存在的用户无法登录---------测试通过
[2017-06-14 09:41:49] - 不填写账号校验---------测试通过
[2017-06-14 09:41:53] - 不填写密码校验---------测试通过
[2017-06-14 09:41:56] - 账号和密码均为空的校验---------测试通过
[2017-06-14 09:42:00] - 密码错误的校验---------测试通过
[2017-06-14 09:42:04] - 访问失败次数达到最大(第一次登录)---------测试通过
[2017-06-14 09:42:07] - 访问失败次数达到最大(第二次登录)---------测试通过
[2017-06-14 09:42:11] - 访问失败次数达到最大校验---------测试通过
[2017-06-14 09:42:13] - 绑定AD域认证方式的用户能够正常登录---------测试通过
[2017-06-14 09:42:17] - 绑定AD域+口令认证方式的用户能够正常登录---------测试通过
[2017-06-14 09:42:22] - 域口令为空校验---------测试通过
[2017-06-14 09:42:26] - 填写错误域口令的校验---------测试通过
[2017-06-14 09:42:29] - 没有绑定AD认证方式的用户无法登录---------测试通过
[2017-06-14 09:42:33] - radius口令为空校验---------测试通过
[2017-06-14 09:42:37] - 填写错误radius口令的校验---------测试通过
[2017-06-14 09:42:41] - 没有绑定radius认证的用户无法登录---------测试通过
[2017-06-14 09:42:41] - login----end

IE
[2017-06-14 09:45:33] - login----start
[2017-06-14 09:45:54] - 新添加的用户能够正常登陆---------测试通过
[2017-06-14 09:46:00] - 初始化用户能够正常登陆---------测试通过
[2017-06-14 09:46:09] - 处于锁定状态的用户无法登录---------测试通过
[2017-06-14 09:46:16] - 账号未生效的用户无法登录---------测试通过
[2017-06-14 09:46:23] - 已过期的用户无法登录---------测试通过
[2017-06-14 09:46:30] - 不存在的用户无法登录---------测试通过
[2017-06-14 09:46:36] - 不填写账号校验---------测试通过
[2017-06-14 09:46:43] - 不填写密码校验---------测试通过
[2017-06-14 09:46:50] - 账号和密码均为空的校验---------测试通过
[2017-06-14 09:46:57] - 密码错误的校验---------测试通过
[2017-06-14 09:47:03] - 访问失败次数达到最大(第一次登录)---------测试通过
[2017-06-14 09:47:10] - 访问失败次数达到最大(第二次登录)---------测试通过
[2017-06-14 09:47:17] - 访问失败次数达到最大校验---------测试通过
[2017-06-14 09:47:22] - 绑定AD域认证方式的用户能够正常登录---------测试通过
[2017-06-14 09:47:46] - 填写错误域口令的校验---------测试通过
[2017-06-14 09:47:54] - 没有绑定AD认证方式的用户无法登录---------测试通过
[2017-06-14 09:48:01] - radius口令为空校验---------测试通过
[2017-06-14 09:48:09] - 填写错误radius口令的校验---------测试通过
[2017-06-14 09:48:16] - 没有绑定radius认证的用户无法登录---------测试通过
[2017-06-14 09:48:16] - login----end

[2017-06-14 10:15:24] - login----start
[2017-06-14 10:16:52] - 新添加的用户能够正常登陆---------测试通过
[2017-06-14 10:16:55] - 初始化用户能够正常登陆---------测试通过
[2017-06-14 10:16:59] - 处于锁定状态的用户无法登录---------测试通过
[2017-06-14 10:17:03] - 账号未生效的用户无法登录---------测试通过
[2017-06-14 10:17:07] - 已过期的用户无法登录---------测试通过
[2017-06-14 10:17:11] - 不存在的用户无法登录---------测试通过
[2017-06-14 10:17:15] - 不填写账号校验---------测试通过
[2017-06-14 10:17:19] - 不填写密码校验---------测试通过
[2017-06-14 10:17:23] - 账号和密码均为空的校验---------测试通过
[2017-06-14 10:17:42] - 密码错误的校验---------测试通过
[2017-06-14 10:17:45] - 访问失败次数达到最大(第一次登录)---------测试通过
[2017-06-14 10:17:49] - 访问失败次数达到最大(第二次登录)---------测试通过
[2017-06-14 10:17:53] - 访问失败次数达到最大校验---------测试通过
[2017-06-14 10:17:56] - 绑定AD域认证方式的用户能够正常登录---------测试通过
[2017-06-14 10:17:59] - 绑定AD域+口令认证方式的用户能够正常登录---------测试通过
[2017-06-14 10:18:04] - 域口令为空校验---------测试通过
[2017-06-14 16:41:31] - login----start
[2017-06-14 16:41:48] - 新添加的用户能够正常登陆---------测试通过
[2017-06-14 16:41:51] - 初始化用户能够正常登陆---------测试通过
[2017-06-14 16:41:55] - 处于锁定状态的用户无法登录---------测试通过
[2017-06-14 16:41:59] - 账号未生效的用户无法登录---------测试通过
[2017-06-14 16:42:03] - 已过期的用户无法登录---------测试通过
[2017-06-14 16:42:06] - 不存在的用户无法登录---------测试通过
[2017-06-14 16:42:10] - 不填写账号校验---------测试通过
[2017-06-14 16:42:14] - 不填写密码校验---------测试通过
[2017-06-14 16:42:17] - 账号和密码均为空的校验---------测试通过
[2017-06-14 16:42:21] - 密码错误的校验---------测试通过
[2017-06-14 16:42:24] - 访问失败次数达到最大(第一次登录)---------测试通过
[2017-06-14 16:42:28] - 访问失败次数达到最大(第二次登录)---------测试通过
[2017-06-14 16:42:32] - 访问失败次数达到最大校验---------测试通过
[2017-06-14 16:42:34] - 绑定AD域认证方式的用户能够正常登录---------测试通过
[2017-06-14 16:42:37] - 绑定AD域+口令认证方式的用户能够正常登录---------测试通过
[2017-06-14 16:42:42] - 域口令为空校验---------测试通过
[2017-06-14 16:42:46] - 填写错误域口令的校验---------测试通过
[2017-06-14 16:42:50] - 没有绑定AD认证方式的用户无法登录---------测试通过
[2017-06-14 16:42:54] - radius口令为空校验---------测试通过
[2017-06-14 16:42:58] - 填写错误radius口令的校验---------测试通过
[2017-06-14 16:43:01] - 没有绑定radius认证的用户无法登录---------测试通过
[2017-06-14 16:43:01] - login----end

[2017-06-14 16:44:41] - login----start
[2017-06-14 16:45:02] - 新添加的用户能够正常登陆---------测试通过
[2017-06-14 16:45:08] - 初始化用户能够正常登陆---------测试通过
[2017-06-14 16:45:17] - 处于锁定状态的用户无法登录---------测试通过
[2017-06-14 16:45:25] - 账号未生效的用户无法登录---------测试通过
[2017-06-14 16:45:32] - 已过期的用户无法登录---------测试通过
[2017-06-14 16:45:40] - 不存在的用户无法登录---------测试通过
[2017-06-14 16:45:47] - 不填写账号校验---------测试通过
[2017-06-14 16:45:54] - 不填写密码校验---------测试通过
[2017-06-14 16:46:01] - 账号和密码均为空的校验---------测试通过
[2017-06-14 16:46:08] - 密码错误的校验---------测试通过
[2017-06-14 16:46:15] - 访问失败次数达到最大(第一次登录)---------测试通过
[2017-06-14 16:46:23] - 访问失败次数达到最大(第二次登录)---------测试通过
[2017-06-14 16:46:30] - 访问失败次数达到最大校验---------测试通过
[2017-06-14 16:46:35] - 绑定AD域认证方式的用户能够正常登录---------测试通过
[2017-06-14 16:46:42] - 绑定AD域+口令认证方式的用户能够正常登录---------测试通过
[2017-06-14 16:46:52] - 域口令为空校验---------测试通过
[2017-06-14 16:47:00] - 填写错误域口令的校验---------测试通过
[2017-06-14 16:47:08] - 没有绑定AD认证方式的用户无法登录---------测试通过
[2017-06-14 16:47:16] - radius口令为空校验---------测试通过
[2017-06-14 16:47:24] - 填写错误radius口令的校验---------测试通过
[2017-06-14 16:47:32] - 没有绑定radius认证的用户无法登录---------测试通过
[2017-06-14 16:47:32] - login----end

[2017-06-14 16:48:04] - login----start
[2017-06-14 16:48:17] - 新添加的用户能够正常登陆---------测试通过
[2017-06-14 16:48:20] - 初始化用户能够正常登陆---------测试通过
[2017-06-14 16:48:24] - 处于锁定状态的用户无法登录---------测试通过
[2017-06-14 16:48:28] - 账号未生效的用户无法登录---------测试通过
[2017-06-14 16:48:31] - 已过期的用户无法登录---------测试通过
[2017-06-14 16:48:35] - 不存在的用户无法登录---------测试通过
[2017-06-14 16:48:39] - 不填写账号校验---------测试通过
[2017-06-14 16:48:42] - 不填写密码校验---------测试通过
[2017-06-14 16:48:46] - 账号和密码均为空的校验---------测试通过
[2017-06-14 16:48:49] - 密码错误的校验---------测试通过
[2017-06-14 16:48:53] - 访问失败次数达到最大(第一次登录)---------测试通过
[2017-06-14 16:48:57] - 访问失败次数达到最大(第二次登录)---------测试通过
[2017-06-14 16:49:01] - 访问失败次数达到最大校验---------测试通过
[2017-06-14 16:49:03] - 绑定AD域认证方式的用户能够正常登录---------测试通过
[2017-06-14 16:49:07] - 绑定AD域+口令认证方式的用户能够正常登录---------测试通过
[2017-06-14 16:49:11] - 域口令为空校验---------测试通过
[2017-06-14 16:49:15] - 填写错误域口令的校验---------测试通过
[2017-06-14 16:49:19] - 没有绑定AD认证方式的用户无法登录---------测试通过
[2017-06-14 16:49:23] - radius口令为空校验---------测试通过
[2017-06-14 16:49:27] - 填写错误radius口令的校验---------测试通过
[2017-06-14 16:49:31] - 没有绑定radius认证的用户无法登录---------测试通过
[2017-06-14 16:49:31] - login----end

[2017-06-14 16:54:31] - login----start
[2017-06-14 16:54:41] - 初始化用户能够正常登陆---------测试通过
[2017-06-14 16:54:45] - 处于锁定状态的用户无法登录---------测试通过
[2017-06-14 16:54:49] - 账号未生效的用户无法登录---------测试通过
[2017-06-14 16:57:17] - login----start
[2017-06-14 16:57:27] - 初始化用户能够正常登陆---------测试通过
[2017-06-14 16:57:31] - 处于锁定状态的用户无法登录---------测试通过
[2017-06-14 16:58:08] - login----start
[2017-06-14 16:58:18] - 初始化用户能够正常登陆---------测试通过
[2017-06-14 16:59:21] - login----start
[2017-06-14 17:01:12] - login----start
[2017-06-14 17:01:21] - 初始化用户能够正常登陆---------测试通过
[2017-06-14 17:02:03] - login----start
[2017-06-14 17:02:21] - 初始化用户能够正常登陆---------测试通过
[2017-06-14 17:02:26] - 处于锁定状态的用户无法登录---------测试通过
[2017-06-14 17:05:25] - login----start
[2017-06-14 17:05:33] - 初始化用户能够正常登陆---------测试通过
[2017-06-14 17:05:37] - login----end

[2017-06-14 17:10:02] - login----start
[2017-06-14 17:10:14] - 新添加的用户能够正常登陆---------测试通过
[2017-06-14 17:10:17] - 初始化用户能够正常登陆---------测试通过
[2017-06-14 17:10:21] - 处于锁定状态的用户无法登录---------测试通过
[2017-06-14 17:10:25] - 账号未生效的用户无法登录---------测试通过
[2017-06-14 17:10:29] - 已过期的用户无法登录---------测试通过
[2017-06-14 17:10:32] - 不存在的用户无法登录---------测试通过
[2017-06-14 17:10:36] - 不填写账号校验---------测试通过
[2017-06-14 17:10:40] - 不填写密码校验---------测试通过
[2017-06-14 17:10:43] - 账号和密码均为空的校验---------测试通过
[2017-06-14 17:10:47] - 密码错误的校验---------测试通过
[2017-06-14 17:10:51] - 访问失败次数达到最大(第一次登录)---------测试通过
[2017-06-14 17:10:54] - 访问失败次数达到最大(第二次登录)---------测试通过
[2017-06-14 17:10:58] - 访问失败次数达到最大校验---------测试通过
[2017-06-14 17:11:01] - 绑定AD域认证方式的用户能够正常登录---------测试通过
[2017-06-14 17:11:04] - 绑定AD域+口令认证方式的用户能够正常登录---------测试通过
[2017-06-14 17:11:08] - 域口令为空校验---------测试通过
[2017-06-14 17:11:12] - 填写错误域口令的校验---------测试通过
[2017-06-14 17:11:16] - 没有绑定AD认证方式的用户无法登录---------测试通过
[2017-06-14 17:11:20] - radius口令为空校验---------测试通过
[2017-06-14 17:11:23] - 填写错误radius口令的校验---------测试通过
[2017-06-14 17:11:27] - 没有绑定radius认证的用户无法登录---------测试通过
[2017-06-14 17:11:27] - login----end

[2017-06-15 09:39:23] - login----start
[2017-06-15 09:39:40] - 新添加的用户能够正常登陆---------测试通过
[2017-06-15 09:39:44] - 初始化用户能够正常登陆---------测试通过
[2017-06-15 09:39:48] - 处于锁定状态的用户无法登录---------测试未通过
[2017-06-15 09:39:51] - 账号未生效的用户无法登录---------测试通过
[2017-06-15 09:39:55] - 已过期的用户无法登录---------测试通过
[2017-06-15 09:39:59] - 不存在的用户无法登录---------测试通过
[2017-06-15 09:40:02] - 不填写账号校验---------测试通过
[2017-06-15 09:40:06] - 不填写密码校验---------测试通过
[2017-06-15 09:40:10] - 账号和密码均为空的校验---------测试通过
[2017-06-15 09:40:13] - 密码错误的校验---------测试通过
[2017-06-15 09:40:17] - 访问失败次数达到最大(第一次登录)---------测试通过
[2017-06-15 09:40:21] - 访问失败次数达到最大(第二次登录)---------测试通过
[2017-06-15 09:40:25] - 访问失败次数达到最大校验---------测试通过
[2017-06-15 09:40:28] - 绑定AD域认证方式的用户能够正常登录---------测试通过
[2017-06-15 09:40:31] - 绑定AD域+口令认证方式的用户能够正常登录---------测试通过
[2017-06-15 09:40:35] - 域口令为空校验---------测试未通过
[2017-06-15 09:40:39] - 填写错误域口令的校验---------测试通过
[2017-06-15 09:40:43] - 没有绑定AD认证方式的用户无法登录---------测试通过
[2017-06-15 09:40:47] - radius口令为空校验---------测试通过
[2017-06-15 09:40:51] - 填写错误radius口令的校验---------测试通过
[2017-06-15 09:40:55] - 没有绑定radius认证的用户无法登录---------测试通过
[2017-06-15 09:40:55] - login----end

